build/app/outputs/mapping/release/seeds.txt
com.graziles.acin.MainActivity: MainActivity()
com.graziles.acin.MainActivity
...
com.google.android.gms.internal.firebase-auth-api.zzxd: android.os.Parcelable$Creator CREATOR
io.flutter.plugin.editing.ImeSyncDeferringInsetsCallback$AnimationCallback: android.view.WindowInsets onProgress(android.view.WindowInsets,java.util.List)
com.google.protobuf.GeneratedMessageLite$ExtendableMessage: com.google.protobuf.FieldSet extensions
com.google.android.gms.internal.measurement.zzdf: com.google.android.gms.internal.measurement.zzdf zzk
com.google.android.gms.internal.firebase-auth-api.zzja: com.google.android.gms.internal.firebase-auth-api.zzja zze
com.google.firestore.v1.StructuredQuery$UnaryFilter$Operator: com.google.firestore.v1.StructuredQuery$UnaryFilter$Operator[] values()
com.google.firestore.v1.Write: com.google.protobuf.Internal$ProtobufList updateTransforms_
com.google.firestore.v1.WriteResult: com.google.protobuf.Parser PARSER
com.google.protobuf.JavaType: com.google.protobuf.JavaType[] values()
com.google.android.gms.internal.firebase-auth-api.zzof: android.os.Parcelable$Creator CREATOR
com.google.android.gms.internal.firebase-auth-api.zzwq: android.os.Parcelable$Creator CREATOR
io.grpc.internal.SerializingExecutor: int runState
com.google.android.gms.internal.firebase-auth-api.zzhr: com.google.android.gms.internal.firebase-auth-api.zzhr zzg
androidx.core.app.RemoteActionCompat
com.google.android.gms.measurement.internal.AppMeasurementDynamiteService: void getTestFlag(com.google.android.gms.internal.measurement.zzs,int)
io.flutter.embedding.engine.FlutterJNI: boolean setRefreshRateFPSCalled
com.google.firestore.v1.StructuredQuery$UnaryFilter: com.google.firestore.v1.StructuredQuery$UnaryFilter DEFAULT_INSTANCE
io.grpc.MethodDescriptor$MethodType: io.grpc.MethodDescriptor$MethodType[] values()
com.google.android.gms.internal.firebase-auth-api.zzgv: com.google.android.gms.internal.firebase-auth-api.zzgv zze
com.google.android.gms.internal.firebase-auth-api.zzip: com.google.android.gms.internal.firebase-auth-api.zzip zzf
io.flutter.embedding.engine.FlutterJNI: void nativeUnregisterTexture(long,long)
io.flutter.embedding.engine.FlutterJNI: void markTextureFrameAvailable(long)
com.google.android.gms.common.Feature: android.os.Parcelable$Creator CREATOR
com.google.android.gms.internal.measurement.zzcz: com.google.android.gms.internal.measurement.zzcz zzg
com.google.android.gms.internal.measurement.zzdj: com.google.android.gms.internal.measurement.zzdo zzS
io.flutter.plugins.firebase.core.FlutterFirebasePluginRegistry: FlutterFirebasePluginRegistry()
com.google.firestore.v1.TransactionOptions$ReadOnly: java.lang.Object consistencySelector_
com.google.firestore.v1.Target: int targetTypeCase_
com.google.firebase.firestore.proto.WriteBatch: int WRITES_FIELD_NUMBER
com.google.android.gms.internal.firebase-auth-api.zzhb: com.google.android.gms.internal.firebase-auth-api.zzhe zze
io.flutter.embedding.engine.FlutterJNI: void ensureAttachedToNative()
com.google.firestore.v1.StructuredQuery$CollectionSelector: java.lang.String collectionId_
com.google.firestore.v1.TargetChange: int READ_TIME_FIELD_NUMBER
io.flutter.plugins.firebase.core.FlutterFirebasePluginRegistry: com.google.android.gms.tasks.Task getPluginConstantsForFirebaseApp(com.google.firebase.FirebaseApp)
com.google.android.gms.dynamite.descriptors.com.google.android.gms.measurement.dynamite.ModuleDescriptor: ModuleDescriptor()
androidx.lifecycle.ReportFragment$LifecycleCallbacks: void onActivityCreated(android.app.Activity,android.os.Bundle)
com.google.firestore.v1.StructuredQuery$FieldFilter: com.google.firestore.v1.Value value_
io.grpc.InternalChannelz$ChannelTrace$Event$Severity: io.grpc.InternalChannelz$ChannelTrace$Event$Severity valueOf(java.lang.String)
com.google.firestore.v1.Precondition: com.google.firestore.v1.Precondition DEFAULT_INSTANCE
com.google.android.gms.internal.firebase-auth-api.zzaaa: java.util.Map zzb
io.flutter.embedding.engine.FlutterJNI: void nativePrefetchDefaultFontManager()