build/app/outputs/mapping/release/mapping.txt
# compiler: R8
# compiler_version: 2.0.74
# min_api: 16
# pg_map_id: a09b65b
# common_typos_disable
com.graziles.acin.MainActivity -> com.graziles.acin.MainActivity:
    void configureFlutterEngine(io.flutter.embedding.engine.FlutterEngine) -> A
...
com.google.firebase.firestore.proto.NoDocument$Builder -> com.google.firebase.firestore.w0.b$b:
    com.google.firebase.firestore.proto.NoDocument$Builder setName(java.lang.String) -> C
    com.google.firebase.firestore.proto.NoDocument$Builder setReadTime(com.google.protobuf.Timestamp) -> D
com.google.firebase.firestore.proto.Target -> com.google.firebase.firestore.w0.c:
    com.google.firebase.firestore.proto.Target access$000() -> S
    void access$1100(com.google.firebase.firestore.proto.Target,com.google.firestore.v1.Target$QueryTarget) -> T
    void access$1400(com.google.firebase.firestore.proto.Target,com.google.firestore.v1.Target$DocumentsTarget) -> U
    void access$1700(com.google.firebase.firestore.proto.Target,com.google.protobuf.Timestamp) -> V
    void access$1900(com.google.firebase.firestore.proto.Target) -> W
    void access$200(com.google.firebase.firestore.proto.Target,int) -> Y
    void access$400(com.google.firebase.firestore.proto.Target,com.google.protobuf.Timestamp) -> Z
    void access$700(com.google.firebase.firestore.proto.Target,com.google.protobuf.ByteString) -> a0
    void access$900(com.google.firebase.firestore.proto.Target,long) -> b0
    void clearLastLimboFreeSnapshotVersion() -> c0
    com.google.firestore.v1.Target$DocumentsTarget getDocuments() -> d0
    com.google.protobuf.Timestamp getLastLimboFreeSnapshotVersion() -> e0
    long getLastListenSequenceNumber() -> f0
    com.google.firestore.v1.Target$QueryTarget getQuery() -> g0
    com.google.protobuf.ByteString getResumeToken() -> h0
    com.google.protobuf.Timestamp getSnapshotVersion() -> i0
    int getTargetId() -> j0
    com.google.firebase.firestore.proto.Target$TargetTypeCase getTargetTypeCase() -> k0
com.google.firebase.firestore.proto.Target$1 -> com.google.firebase.firestore.w0.c$a:
    int[] $SwitchMap$com$google$protobuf$GeneratedMessageLite$MethodToInvoke -> a
com.google.firebase.firestore.proto.Target$Builder -> com.google.firebase.firestore.w0.c$b:
    com.google.firebase.firestore.proto.Target$Builder clearLastLimboFreeSnapshotVersion() -> C
    com.google.firebase.firestore.proto.Target$Builder setDocuments(com.google.firestore.v1.Target$DocumentsTarget) -> D
    com.google.firebase.firestore.proto.Target$Builder setLastLimboFreeSnapshotVersion(com.google.protobuf.Timestamp) -> E
    com.google.firebase.firestore.proto.Target$Builder setLastListenSequenceNumber(long) -> F
    com.google.firebase.firestore.proto.Target$Builder setQuery(com.google.firestore.v1.Target$QueryTarget) -> G
    com.google.firebase.firestore.proto.Target$Builder setResumeToken(com.google.protobuf.ByteString) -> I
    com.google.firebase.firestore.proto.Target$Builder setSnapshotVersion(com.google.protobuf.Timestamp) -> J
    com.google.firebase.firestore.proto.Target$Builder setTargetId(int) -> L
com.google.firebase.firestore.proto.Target$TargetTypeCase -> com.google.firebase.firestore.w0.c$c:
    com.google.firebase.firestore.proto.Target$TargetTypeCase QUERY -> b
    com.google.firebase.firestore.proto.Target$TargetTypeCase DOCUMENTS -> c
    com.google.firebase.firestore.proto.Target$TargetTypeCase TARGETTYPE_NOT_SET -> d
    com.google.firebase.firestore.proto.Target$TargetTypeCase[] $VALUES -> e
    com.google.firebase.firestore.proto.Target$TargetTypeCase forNumber(int) -> e