build/app/outputs/mapping/release/usage.txt
com.graziles.acin.R$dimen
com.graziles.acin.R$style
com.graziles.acin.R
com.graziles.acin.R$color
com.graziles.acin.R$styleable
com.graziles.acin.R$drawable
com.graziles.acin.R$mipmap
com.graziles.acin.R$string
com.graziles.acin.R$attr
com.graziles.acin.R$integer
com.graziles.acin.R$id
com.graziles.acin.R$layout
com.graziles.acin.BuildConfig
...
com.google.firestore.proto.BundleMetadataOrBuilder
com.google.common.hash.package-info
com.google.common.primitives.Floats
com.google.type.Quaternion$1
io.flutter.plugins.sharedpreferences.R$integer
kotlin.coroutines.experimental.intrinsics.IntrinsicsKt__IntrinsicsJvmKt$createCoroutineUnchecked$$inlined$buildContinuationByInvokeCall$IntrinsicsKt__IntrinsicsJvmKt$2
io.grpc.Contexts:
    private void <init>()
    public static io.grpc.ServerCall$Listener interceptCall(io.grpc.Context,io.grpc.ServerCall,io.grpc.Metadata,io.grpc.ServerCallHandler)
com.google.common.collect.AbstractIterator$State
com.google.common.reflect.TypeToken$3
okio.HashingSink
com.google.common.io.CharSource$ConcatenatedCharSource
firebase.com.protolitewrapper.R
com.google.type.Color$1
com.google.common.collect.ForwardingSortedMultiset
com.google.common.collect.ConsumingQueueIterator
com.google.common.hash.Striped64$1
com.google.common.cache.CacheBuilderSpec$KeyStrengthParser
com.google.firestore.v1.Document$Builder:
    public java.lang.String getName()
    public com.google.protobuf.ByteString getNameBytes()
    public com.google.firestore.v1.Document$Builder clearName()
    public com.google.firestore.v1.Document$Builder setNameBytes(com.google.protobuf.ByteString)
    public int getFieldsCount()
    public boolean containsFields(java.lang.String)
    public com.google.firestore.v1.Document$Builder clearFields()
    public com.google.firestore.v1.Document$Builder removeFields(java.lang.String)
    public java.util.Map getFields()
    public java.util.Map getFieldsMap()
    public com.google.firestore.v1.Value getFieldsOrDefault(java.lang.String,com.google.firestore.v1.Value)
    public com.google.firestore.v1.Value getFieldsOrThrow(java.lang.String)
    public com.google.firestore.v1.Document$Builder putFields(java.lang.String,com.google.firestore.v1.Value)
    public boolean hasCreateTime()
    public com.google.protobuf.Timestamp getCreateTime()
    public com.google.firestore.v1.Document$Builder setCreateTime(com.google.protobuf.Timestamp)
    public com.google.firestore.v1.Document$Builder setCreateTime(com.google.protobuf.Timestamp$Builder)
    public com.google.firestore.v1.Document$Builder mergeCreateTime(com.google.protobuf.Timestamp)
    public com.google.firestore.v1.Document$Builder clearCreateTime()
    public boolean hasUpdateTime()
    public com.google.protobuf.Timestamp getUpdateTime()
com.google.firebase.firestore.remote.GrpcCallProvider:
    public static void overrideChannelBuilder(com.google.firebase.firestore.util.Supplier)
    private static final java.lang.String LOG_TAG
    private static final int CONNECTIVITY_ATTEMPT_TIMEOUT_MS
com.google.common.collect.Iterables$6
com.google.android.gms.common.api.internal.zaa$zaa
io.flutter.plugins.firebase.core.R$styleable
com.google.android.gms.internal.safetynet.zzb:
    static void <clinit>()
    private static com.google.android.gms.internal.safetynet.zzd zzc
com.google.android.gms.measurement.AppMeasurement$OnEventListener